<?xml version="1.0" encoding="UTF-8"?>
<testng-results skipped="0" failed="0" total="0" passed="0">
  <reporter-output>
  </reporter-output>
  <suite name="Cucumber Framework" duration-ms="35036" started-at="2018-09-21T08:28:28Z" finished-at="2018-09-21T08:29:03Z">
    <groups>
    </groups>
    <test name="Cucumber Tests" duration-ms="35036" started-at="2018-09-21T08:28:28Z" finished-at="2018-09-21T08:29:03Z">
    </test> <!-- Cucumber Tests -->
  </suite> <!-- Cucumber Framework -->
</testng-results>
